mode: set
github.com/ryanrolds/club/signaling/message.go:30.73,35.16 4 1
github.com/ryanrolds/club/signaling/message.go:40.2,43.16 3 1
github.com/ryanrolds/club/signaling/message.go:48.2,48.21 1 1
github.com/ryanrolds/club/signaling/message.go:35.16,38.3 2 1
github.com/ryanrolds/club/signaling/message.go:43.16,46.3 2 1
github.com/ryanrolds/club/signaling/message.go:51.44,53.16 2 1
github.com/ryanrolds/club/signaling/message.go:58.2,58.15 1 1
github.com/ryanrolds/club/signaling/message.go:53.16,56.3 2 0
github.com/ryanrolds/club/signaling/peer.go:33.41,43.2 1 1
github.com/ryanrolds/club/signaling/peer.go:45.28,47.2 1 1
github.com/ryanrolds/club/signaling/peer.go:49.28,54.2 3 0
github.com/ryanrolds/club/signaling/peer.go:56.32,61.2 3 0
github.com/ryanrolds/club/signaling/peer.go:63.50,66.16 2 1
github.com/ryanrolds/club/signaling/peer.go:70.2,71.16 2 1
github.com/ryanrolds/club/signaling/peer.go:75.2,75.21 1 1
github.com/ryanrolds/club/signaling/peer.go:66.16,68.3 1 0
github.com/ryanrolds/club/signaling/peer.go:71.16,73.3 1 0
github.com/ryanrolds/club/signaling/peer.go:78.51,83.16 4 1
github.com/ryanrolds/club/signaling/peer.go:88.2,88.12 1 1
github.com/ryanrolds/club/signaling/peer.go:83.16,86.3 2 0
github.com/ryanrolds/club/signaling/peer.go:91.24,96.16 4 1
github.com/ryanrolds/club/signaling/peer.go:96.16,98.3 1 0
github.com/ryanrolds/club/signaling/room.go:27.22,32.2 1 1
github.com/ryanrolds/club/signaling/room.go:34.52,35.12 1 1
github.com/ryanrolds/club/signaling/room.go:35.12,36.7 1 1
github.com/ryanrolds/club/signaling/room.go:36.7,41.37 3 1
github.com/ryanrolds/club/signaling/room.go:65.4,67.24 2 1
github.com/ryanrolds/club/signaling/room.go:41.37,42.26 1 1
github.com/ryanrolds/club/signaling/room.go:42.26,47.37 3 1
github.com/ryanrolds/club/signaling/room.go:47.37,58.21 3 1
github.com/ryanrolds/club/signaling/room.go:58.21,60.8 1 0
github.com/ryanrolds/club/signaling/room.go:72.61,75.22 2 0
github.com/ryanrolds/club/signaling/room.go:76.23,80.17 3 0
github.com/ryanrolds/club/signaling/room.go:83.24,87.17 3 0
github.com/ryanrolds/club/signaling/room.go:90.24,92.17 2 0
github.com/ryanrolds/club/signaling/room.go:95.25,97.17 2 0
github.com/ryanrolds/club/signaling/room.go:100.31,102.17 2 0
github.com/ryanrolds/club/signaling/room.go:105.10,107.9 2 0
github.com/ryanrolds/club/signaling/room.go:80.17,82.4 1 0
github.com/ryanrolds/club/signaling/room.go:87.17,89.4 1 0
github.com/ryanrolds/club/signaling/room.go:92.17,94.4 1 0
github.com/ryanrolds/club/signaling/room.go:97.17,99.4 1 0
github.com/ryanrolds/club/signaling/room.go:102.17,104.4 1 0
github.com/ryanrolds/club/signaling/room.go:111.52,116.9 4 1
github.com/ryanrolds/club/signaling/room.go:120.2,120.15 1 1
github.com/ryanrolds/club/signaling/room.go:116.9,118.3 1 1
github.com/ryanrolds/club/signaling/room.go:123.37,128.2 3 1
github.com/ryanrolds/club/signaling/room.go:130.45,131.37 1 1
github.com/ryanrolds/club/signaling/room.go:136.2,141.47 4 1
github.com/ryanrolds/club/signaling/room.go:131.37,134.3 2 1
github.com/ryanrolds/club/signaling/room.go:144.49,151.2 4 1
github.com/ryanrolds/club/signaling/room.go:153.53,155.19 2 0
github.com/ryanrolds/club/signaling/room.go:160.2,161.16 2 0
github.com/ryanrolds/club/signaling/room.go:166.2,168.12 2 0
github.com/ryanrolds/club/signaling/room.go:155.19,158.3 2 0
github.com/ryanrolds/club/signaling/room.go:161.16,164.3 2 0
github.com/ryanrolds/club/signaling/room.go:171.49,177.35 4 0
github.com/ryanrolds/club/signaling/room.go:189.2,189.12 1 0
github.com/ryanrolds/club/signaling/room.go:177.35,179.38 1 0
github.com/ryanrolds/club/signaling/room.go:183.3,184.17 2 0
github.com/ryanrolds/club/signaling/room.go:179.38,180.12 1 0
github.com/ryanrolds/club/signaling/room.go:184.17,186.4 1 0
github.com/ryanrolds/club/signaling/server.go:20.36,24.2 1 0
github.com/ryanrolds/club/signaling/server.go:26.68,28.16 2 0
github.com/ryanrolds/club/signaling/server.go:33.2,37.6 3 0
github.com/ryanrolds/club/signaling/server.go:28.16,31.3 2 0
github.com/ryanrolds/club/signaling/server.go:37.6,39.17 2 0
github.com/ryanrolds/club/signaling/server.go:46.3,48.43 2 0
github.com/ryanrolds/club/signaling/server.go:53.3,53.35 1 0
github.com/ryanrolds/club/signaling/server.go:39.17,44.4 2 0
github.com/ryanrolds/club/signaling/server.go:48.43,50.12 2 0
